[2023-07-09 12:35:27] local.ERROR: SQLSTATE[HY000] [2002] php_network_getaddresses: getaddrinfo for ifmcltd-mysql-1 failed: Temporary failure in name resolution (SQL: select * from `site_content` order by `id` desc limit 1) {"exception":"[object] (Illuminate\\Database\\QueryException(code: 2002): SQLSTATE[HY000] [2002] php_network_getaddresses: getaddrinfo for ifmcltd-mysql-1 failed: Temporary failure in name resolution (SQL: select * from `site_content` order by `id` desc limit 1) at /mnt/d/Project/LaravelProjects/NewIFMCLTD/kenBranch/vendor/laravel/framework/src/Illuminate/Database/Connection.php:760)
[stacktrace]
#0 /mnt/d/Project/LaravelProjects/NewIFMCLTD/kenBranch/vendor/laravel/framework/src/Illuminate/Database/Connection.php(899): Illuminate\\Database\\Connection->runQueryCallback()
#1 /mnt/d/Project/LaravelProjects/NewIFMCLTD/kenBranch/vendor/laravel/framework/src/Illuminate/Database/Connection.php(879): Illuminate\\Database\\Connection->tryAgainIfCausedByLostConnection()
#2 /mnt/d/Project/LaravelProjects/NewIFMCLTD/kenBranch/vendor/laravel/framework/src/Illuminate/Database/Connection.php(723): Illuminate\\Database\\Connection->handleQueryException()
#3 /mnt/d/Project/LaravelProjects/NewIFMCLTD/kenBranch/vendor/laravel/framework/src/Illuminate/Database/Connection.php(422): Illuminate\\Database\\Connection->run()
#4 /mnt/d/Project/LaravelProjects/NewIFMCLTD/kenBranch/vendor/laravel/framework/src/Illuminate/Database/Query/Builder.php(2706): Illuminate\\Database\\Connection->select()
#5 /mnt/d/Project/LaravelProjects/NewIFMCLTD/kenBranch/vendor/laravel/framework/src/Illuminate/Database/Query/Builder.php(2694): Illuminate\\Database\\Query\\Builder->runSelect()
#6 /mnt/d/Project/LaravelProjects/NewIFMCLTD/kenBranch/vendor/laravel/framework/src/Illuminate/Database/Query/Builder.php(3230): Illuminate\\Database\\Query\\Builder->Illuminate\\Database\\Query\\{closure}()
#7 /mnt/d/Project/LaravelProjects/NewIFMCLTD/kenBranch/vendor/laravel/framework/src/Illuminate/Database/Query/Builder.php(2695): Illuminate\\Database\\Query\\Builder->onceWithColumns()
#8 /mnt/d/Project/LaravelProjects/NewIFMCLTD/kenBranch/vendor/laravel/framework/src/Illuminate/Database/Eloquent/Builder.php(710): Illuminate\\Database\\Query\\Builder->get()
#9 /mnt/d/Project/LaravelProjects/NewIFMCLTD/kenBranch/vendor/laravel/framework/src/Illuminate/Database/Eloquent/Builder.php(694): Illuminate\\Database\\Eloquent\\Builder->getModels()
#10 /mnt/d/Project/LaravelProjects/NewIFMCLTD/kenBranch/vendor/laravel/framework/src/Illuminate/Database/Concerns/BuildsQueries.php(296): Illuminate\\Database\\Eloquent\\Builder->get()
#11 /mnt/d/Project/LaravelProjects/NewIFMCLTD/kenBranch/app/Http/Controllers/SiteController.php(43): Illuminate\\Database\\Eloquent\\Builder->first()
#12 /mnt/d/Project/LaravelProjects/NewIFMCLTD/kenBranch/vendor/laravel/framework/src/Illuminate/Routing/Controller.php(54): App\\Http\\Controllers\\SiteController->welcome()
#13 /mnt/d/Project/LaravelProjects/NewIFMCLTD/kenBranch/vendor/laravel/framework/src/Illuminate/Routing/ControllerDispatcher.php(43): Illuminate\\Routing\\Controller->callAction()
#14 /mnt/d/Project/LaravelProjects/NewIFMCLTD/kenBranch/vendor/laravel/framework/src/Illuminate/Routing/Route.php(260): Illuminate\\Routing\\ControllerDispatcher->dispatch()
#15 /mnt/d/Project/LaravelProjects/NewIFMCLTD/kenBranch/vendor/laravel/framework/src/Illuminate/Routing/Route.php(205): Illuminate\\Routing\\Route->runController()
#16 /mnt/d/Project/LaravelProjects/NewIFMCLTD/kenBranch/vendor/laravel/framework/src/Illuminate/Routing/Router.php(798): Illuminate\\Routing\\Route->run()
#17 /mnt/d/Project/LaravelProjects/NewIFMCLTD/kenBranch/vendor/laravel/framework/src/Illuminate/Pipeline/Pipeline.php(141): Illuminate\\Routing\\Router->Illuminate\\Routing\\{closure}()
#18 /mnt/d/Project/LaravelProjects/NewIFMCLTD/kenBranch/vendor/laravel/framework/src/Illuminate/Routing/Middleware/SubstituteBindings.php(50): Illuminate\\Pipeline\\Pipeline->Illuminate\\Pipeline\\{closure}()
#19 /mnt/d/Project/LaravelProjects/NewIFMCLTD/kenBranch/vendor/laravel/framework/src/Illuminate/Pipeline/Pipeline.php(180): Illuminate\\Routing\\Middleware\\SubstituteBindings->handle()
#20 /mnt/d/Project/LaravelProjects/NewIFMCLTD/kenBranch/vendor/laravel/framework/src/Illuminate/Foundation/Http/Middleware/VerifyCsrfToken.php(78): Illuminate\\Pipeline\\Pipeline->Illuminate\\Pipeline\\{closure}()
#21 /mnt/d/Project/LaravelProjects/NewIFMCLTD/kenBranch/vendor/laravel/framework/src/Illuminate/Pipeline/Pipeline.php(180): Illuminate\\Foundation\\Http\\Middleware\\VerifyCsrfToken->handle()
#22 /mnt/d/Project/LaravelProjects/NewIFMCLTD/kenBranch/vendor/laravel/framework/src/Illuminate/View/Middleware/ShareErrorsFromSession.php(49): Illuminate\\Pipeline\\Pipeline->Illuminate\\Pipeline\\{closure}()
#23 /mnt/d/Project/LaravelProjects/NewIFMCLTD/kenBranch/vendor/laravel/framework/src/Illuminate/Pipeline/Pipeline.php(180): Illuminate\\View\\Middleware\\ShareErrorsFromSession->handle()
#24 /mnt/d/Project/LaravelProjects/NewIFMCLTD/kenBranch/vendor/laravel/framework/src/Illuminate/Session/Middleware/StartSession.php(121): Illuminate\\Pipeline\\Pipeline->Illuminate\\Pipeline\\{closure}()
#25 /mnt/d/Project/LaravelProjects/NewIFMCLTD/kenBranch/vendor/laravel/framework/src/Illuminate/Session/Middleware/StartSession.php(64): Illuminate\\Session\\Middleware\\StartSession->handleStatefulRequest()
#26 /mnt/d/Project/LaravelProjects/NewIFMCLTD/kenBranch/vendor/laravel/framework/src/Illuminate/Pipeline/Pipeline.php(180): Illuminate\\Session\\Middleware\\StartSession->handle()
#27 /mnt/d/Project/LaravelProjects/NewIFMCLTD/kenBranch/vendor/laravel/framework/src/Illuminate/Cookie/Middleware/AddQueuedCookiesToResponse.php(37): Illuminate\\Pipeline\\Pipeline->Illuminate\\Pipeline\\{closure}()
#28 /mnt/d/Project/LaravelProjects/NewIFMCLTD/kenBranch/vendor/laravel/framework/src/Illuminate/Pipeline/Pipeline.php(180): Illuminate\\Cookie\\Middleware\\AddQueuedCookiesToResponse->handle()
#29 /mnt/d/Project/LaravelProjects/NewIFMCLTD/kenBranch/vendor/laravel/framework/src/Illuminate/Cookie/Middleware/EncryptCookies.php(67): Illuminate\\Pipeline\\Pipeline->Illuminate\\Pipeline\\{closure}()
#30 /mnt/d/Project/LaravelProjects/NewIFMCLTD/kenBranch/vendor/laravel/framework/src/Illuminate/Pipeline/Pipeline.php(180): Illuminate\\Cookie\\Middleware\\EncryptCookies->handle()
#31 /mnt/d/Project/LaravelProjects/NewIFMCLTD/kenBranch/vendor/laravel/framework/src/Illuminate/Pipeline/Pipeline.php(116): Illuminate\\Pipeline\\Pipeline->Illuminate\\Pipeline\\{closure}()
#32 /mnt/d/Project/LaravelProjects/NewIFMCLTD/kenBranch/vendor/laravel/framework/src/Illuminate/Routing/Router.php(799): Illuminate\\Pipeline\\Pipeline->then()
#33 /mnt/d/Project/LaravelProjects/NewIFMCLTD/kenBranch/vendor/laravel/framework/src/Illuminate/Routing/Router.php(776): Illuminate\\Routing\\Router->runRouteWithinStack()
#34 /mnt/d/Project/LaravelProjects/NewIFMCLTD/kenBranch/vendor/laravel/framework/src/Illuminate/Routing/Router.php(740): Illuminate\\Routing\\Router->runRoute()
#35 /mnt/d/Project/LaravelProjects/NewIFMCLTD/kenBranch/vendor/laravel/framework/src/Illuminate/Routing/Router.php(729): Illuminate\\Routing\\Router->dispatchToRoute()
#36 /mnt/d/Project/LaravelProjects/NewIFMCLTD/kenBranch/vendor/laravel/framework/src/Illuminate/Foundation/Http/Kernel.php(190): Illuminate\\Routing\\Router->dispatch()
#37 /mnt/d/Project/LaravelProjects/NewIFMCLTD/kenBranch/vendor/laravel/framework/src/Illuminate/Pipeline/Pipeline.php(141): Illuminate\\Foundation\\Http\\Kernel->Illuminate\\Foundation\\Http\\{closure}()
#38 /mnt/d/Project/LaravelProjects/NewIFMCLTD/kenBranch/vendor/laravel/framework/src/Illuminate/Foundation/Http/Middleware/TransformsRequest.php(21): Illuminate\\Pipeline\\Pipeline->Illuminate\\Pipeline\\{closure}()
#39 /mnt/d/Project/LaravelProjects/NewIFMCLTD/kenBranch/vendor/laravel/framework/src/Illuminate/Foundation/Http/Middleware/ConvertEmptyStringsToNull.php(31): Illuminate\\Foundation\\Http\\Middleware\\TransformsRequest->handle()
#40 /mnt/d/Project/LaravelProjects/NewIFMCLTD/kenBranch/vendor/laravel/framework/src/Illuminate/Pipeline/Pipeline.php(180): Illuminate\\Foundation\\Http\\Middleware\\ConvertEmptyStringsToNull->handle()
#41 /mnt/d/Project/LaravelProjects/NewIFMCLTD/kenBranch/vendor/laravel/framework/src/Illuminate/Foundation/Http/Middleware/TransformsRequest.php(21): Illuminate\\Pipeline\\Pipeline->Illuminate\\Pipeline\\{closure}()
#42 /mnt/d/Project/LaravelProjects/NewIFMCLTD/kenBranch/vendor/laravel/framework/src/Illuminate/Foundation/Http/Middleware/TrimStrings.php(40): Illuminate\\Foundation\\Http\\Middleware\\TransformsRequest->handle()
#43 /mnt/d/Project/LaravelProjects/NewIFMCLTD/kenBranch/vendor/laravel/framework/src/Illuminate/Pipeline/Pipeline.php(180): Illuminate\\Foundation\\Http\\Middleware\\TrimStrings->handle()
#44 /mnt/d/Project/LaravelProjects/NewIFMCLTD/kenBranch/vendor/laravel/framework/src/Illuminate/Foundation/Http/Middleware/ValidatePostSize.php(27): Illuminate\\Pipeline\\Pipeline->Illuminate\\Pipeline\\{closure}()
#45 /mnt/d/Project/LaravelProjects/NewIFMCLTD/kenBranch/vendor/laravel/framework/src/Illuminate/Pipeline/Pipeline.php(180): Illuminate\\Foundation\\Http\\Middleware\\ValidatePostSize->handle()
#46 /mnt/d/Project/LaravelProjects/NewIFMCLTD/kenBranch/vendor/laravel/framework/src/Illuminate/Foundation/Http/Middleware/PreventRequestsDuringMaintenance.php(86): Illuminate\\Pipeline\\Pipeline->Illuminate\\Pipeline\\{closure}()
#47 /mnt/d/Project/LaravelProjects/NewIFMCLTD/kenBranch/vendor/laravel/framework/src/Illuminate/Pipeline/Pipeline.php(180): Illuminate\\Foundation\\Http\\Middleware\\PreventRequestsDuringMaintenance->handle()
#48 /mnt/d/Project/LaravelProjects/NewIFMCLTD/kenBranch/vendor/laravel/framework/src/Illuminate/Http/Middleware/HandleCors.php(49): Illuminate\\Pipeline\\Pipeline->Illuminate\\Pipeline\\{closure}()
#49 /mnt/d/Project/LaravelProjects/NewIFMCLTD/kenBranch/vendor/laravel/framework/src/Illuminate/Pipeline/Pipeline.php(180): Illuminate\\Http\\Middleware\\HandleCors->handle()
#50 /mnt/d/Project/LaravelProjects/NewIFMCLTD/kenBranch/vendor/laravel/framework/src/Illuminate/Http/Middleware/TrustProxies.php(39): Illuminate\\Pipeline\\Pipeline->Illuminate\\Pipeline\\{closure}()
#51 /mnt/d/Project/LaravelProjects/NewIFMCLTD/kenBranch/vendor/laravel/framework/src/Illuminate/Pipeline/Pipeline.php(180): Illuminate\\Http\\Middleware\\TrustProxies->handle()
#52 /mnt/d/Project/LaravelProjects/NewIFMCLTD/kenBranch/vendor/laravel/framework/src/Illuminate/Pipeline/Pipeline.php(116): Illuminate\\Pipeline\\Pipeline->Illuminate\\Pipeline\\{closure}()
#53 /mnt/d/Project/LaravelProjects/NewIFMCLTD/kenBranch/vendor/laravel/framework/src/Illuminate/Foundation/Http/Kernel.php(165): Illuminate\\Pipeline\\Pipeline->then()
#54 /mnt/d/Project/LaravelProjects/NewIFMCLTD/kenBranch/vendor/laravel/framework/src/Illuminate/Foundation/Http/Kernel.php(134): Illuminate\\Foundation\\Http\\Kernel->sendRequestThroughRouter()
#55 /mnt/d/Project/LaravelProjects/NewIFMCLTD/kenBranch/public/index.php(52): Illuminate\\Foundation\\Http\\Kernel->handle()
#56 /mnt/d/Project/LaravelProjects/NewIFMCLTD/kenBranch/vendor/laravel/framework/src/Illuminate/Foundation/resources/server.php(16): require_once('...')
#57 {main}

[previous exception] [object] (PDOException(code: 2002): SQLSTATE[HY000] [2002] php_network_getaddresses: getaddrinfo for ifmcltd-mysql-1 failed: Temporary failure in name resolution at /mnt/d/Project/LaravelProjects/NewIFMCLTD/kenBranch/vendor/laravel/framework/src/Illuminate/Database/Connectors/Connector.php:70)
[stacktrace]
#0 /mnt/d/Project/LaravelProjects/NewIFMCLTD/kenBranch/vendor/laravel/framework/src/Illuminate/Database/Connectors/Connector.php(70): PDO->__construct()
#1 /mnt/d/Project/LaravelProjects/NewIFMCLTD/kenBranch/vendor/laravel/framework/src/Illuminate/Database/Connectors/Connector.php(100): Illuminate\\Database\\Connectors\\Connector->createPdoConnection()
#2 /mnt/d/Project/LaravelProjects/NewIFMCLTD/kenBranch/vendor/laravel/framework/src/Illuminate/Database/Connectors/Connector.php(50): Illuminate\\Database\\Connectors\\Connector->tryAgainIfCausedByLostConnection()
#3 /mnt/d/Project/LaravelProjects/NewIFMCLTD/kenBranch/vendor/laravel/framework/src/Illuminate/Database/Connectors/MySqlConnector.php(24): Illuminate\\Database\\Connectors\\Connector->createConnection()
#4 /mnt/d/Project/LaravelProjects/NewIFMCLTD/kenBranch/vendor/laravel/framework/src/Illuminate/Database/Connectors/ConnectionFactory.php(184): Illuminate\\Database\\Connectors\\MySqlConnector->connect()
#5 [internal function]: Illuminate\\Database\\Connectors\\ConnectionFactory->Illuminate\\Database\\Connectors\\{closure}()
#6 /mnt/d/Project/LaravelProjects/NewIFMCLTD/kenBranch/vendor/laravel/framework/src/Illuminate/Database/Connection.php(1181): call_user_func()
#7 /mnt/d/Project/LaravelProjects/NewIFMCLTD/kenBranch/vendor/laravel/framework/src/Illuminate/Database/Connection.php(1217): Illuminate\\Database\\Connection->getPdo()
#8 /mnt/d/Project/LaravelProjects/NewIFMCLTD/kenBranch/vendor/laravel/framework/src/Illuminate/Database/Connection.php(486): Illuminate\\Database\\Connection->getReadPdo()
#9 /mnt/d/Project/LaravelProjects/NewIFMCLTD/kenBranch/vendor/laravel/framework/src/Illuminate/Database/Connection.php(414): Illuminate\\Database\\Connection->getPdoForSelect()
#10 /mnt/d/Project/LaravelProjects/NewIFMCLTD/kenBranch/vendor/laravel/framework/src/Illuminate/Database/Connection.php(753): Illuminate\\Database\\Connection->Illuminate\\Database\\{closure}()
#11 /mnt/d/Project/LaravelProjects/NewIFMCLTD/kenBranch/vendor/laravel/framework/src/Illuminate/Database/Connection.php(899): Illuminate\\Database\\Connection->runQueryCallback()
#12 /mnt/d/Project/LaravelProjects/NewIFMCLTD/kenBranch/vendor/laravel/framework/src/Illuminate/Database/Connection.php(879): Illuminate\\Database\\Connection->tryAgainIfCausedByLostConnection()
#13 /mnt/d/Project/LaravelProjects/NewIFMCLTD/kenBranch/vendor/laravel/framework/src/Illuminate/Database/Connection.php(723): Illuminate\\Database\\Connection->handleQueryException()
#14 /mnt/d/Project/LaravelProjects/NewIFMCLTD/kenBranch/vendor/laravel/framework/src/Illuminate/Database/Connection.php(422): Illuminate\\Database\\Connection->run()
#15 /mnt/d/Project/LaravelProjects/NewIFMCLTD/kenBranch/vendor/laravel/framework/src/Illuminate/Database/Query/Builder.php(2706): Illuminate\\Database\\Connection->select()
#16 /mnt/d/Project/LaravelProjects/NewIFMCLTD/kenBranch/vendor/laravel/framework/src/Illuminate/Database/Query/Builder.php(2694): Illuminate\\Database\\Query\\Builder->runSelect()
#17 /mnt/d/Project/LaravelProjects/NewIFMCLTD/kenBranch/vendor/laravel/framework/src/Illuminate/Database/Query/Builder.php(3230): Illuminate\\Database\\Query\\Builder->Illuminate\\Database\\Query\\{closure}()
#18 /mnt/d/Project/LaravelProjects/NewIFMCLTD/kenBranch/vendor/laravel/framework/src/Illuminate/Database/Query/Builder.php(2695): Illuminate\\Database\\Query\\Builder->onceWithColumns()
#19 /mnt/d/Project/LaravelProjects/NewIFMCLTD/kenBranch/vendor/laravel/framework/src/Illuminate/Database/Eloquent/Builder.php(710): Illuminate\\Database\\Query\\Builder->get()
#20 /mnt/d/Project/LaravelProjects/NewIFMCLTD/kenBranch/vendor/laravel/framework/src/Illuminate/Database/Eloquent/Builder.php(694): Illuminate\\Database\\Eloquent\\Builder->getModels()
#21 /mnt/d/Project/LaravelProjects/NewIFMCLTD/kenBranch/vendor/laravel/framework/src/Illuminate/Database/Concerns/BuildsQueries.php(296): Illuminate\\Database\\Eloquent\\Builder->get()
#22 /mnt/d/Project/LaravelProjects/NewIFMCLTD/kenBranch/app/Http/Controllers/SiteController.php(43): Illuminate\\Database\\Eloquent\\Builder->first()
#23 /mnt/d/Project/LaravelProjects/NewIFMCLTD/kenBranch/vendor/laravel/framework/src/Illuminate/Routing/Controller.php(54): App\\Http\\Controllers\\SiteController->welcome()
#24 /mnt/d/Project/LaravelProjects/NewIFMCLTD/kenBranch/vendor/laravel/framework/src/Illuminate/Routing/ControllerDispatcher.php(43): Illuminate\\Routing\\Controller->callAction()
#25 /mnt/d/Project/LaravelProjects/NewIFMCLTD/kenBranch/vendor/laravel/framework/src/Illuminate/Routing/Route.php(260): Illuminate\\Routing\\ControllerDispatcher->dispatch()
#26 /mnt/d/Project/LaravelProjects/NewIFMCLTD/kenBranch/vendor/laravel/framework/src/Illuminate/Routing/Route.php(205): Illuminate\\Routing\\Route->runController()
#27 /mnt/d/Project/LaravelProjects/NewIFMCLTD/kenBranch/vendor/laravel/framework/src/Illuminate/Routing/Router.php(798): Illuminate\\Routing\\Route->run()
#28 /mnt/d/Project/LaravelProjects/NewIFMCLTD/kenBranch/vendor/laravel/framework/src/Illuminate/Pipeline/Pipeline.php(141): Illuminate\\Routing\\Router->Illuminate\\Routing\\{closure}()
#29 /mnt/d/Project/LaravelProjects/NewIFMCLTD/kenBranch/vendor/laravel/framework/src/Illuminate/Routing/Middleware/SubstituteBindings.php(50): Illuminate\\Pipeline\\Pipeline->Illuminate\\Pipeline\\{closure}()
#30 /mnt/d/Project/LaravelProjects/NewIFMCLTD/kenBranch/vendor/laravel/framework/src/Illuminate/Pipeline/Pipeline.php(180): Illuminate\\Routing\\Middleware\\SubstituteBindings->handle()
#31 /mnt/d/Project/LaravelProjects/NewIFMCLTD/kenBranch/vendor/laravel/framework/src/Illuminate/Foundation/Http/Middleware/VerifyCsrfToken.php(78): Illuminate\\Pipeline\\Pipeline->Illuminate\\Pipeline\\{closure}()
#32 /mnt/d/Project/LaravelProjects/NewIFMCLTD/kenBranch/vendor/laravel/framework/src/Illuminate/Pipeline/Pipeline.php(180): Illuminate\\Foundation\\Http\\Middleware\\VerifyCsrfToken->handle()
#33 /mnt/d/Project/LaravelProjects/NewIFMCLTD/kenBranch/vendor/laravel/framework/src/Illuminate/View/Middleware/ShareErrorsFromSession.php(49): Illuminate\\Pipeline\\Pipeline->Illuminate\\Pipeline\\{closure}()
#34 /mnt/d/Project/LaravelProjects/NewIFMCLTD/kenBranch/vendor/laravel/framework/src/Illuminate/Pipeline/Pipeline.php(180): Illuminate\\View\\Middleware\\ShareErrorsFromSession->handle()
#35 /mnt/d/Project/LaravelProjects/NewIFMCLTD/kenBranch/vendor/laravel/framework/src/Illuminate/Session/Middleware/StartSession.php(121): Illuminate\\Pipeline\\Pipeline->Illuminate\\Pipeline\\{closure}()
#36 /mnt/d/Project/LaravelProjects/NewIFMCLTD/kenBranch/vendor/laravel/framework/src/Illuminate/Session/Middleware/StartSession.php(64): Illuminate\\Session\\Middleware\\StartSession->handleStatefulRequest()
#37 /mnt/d/Project/LaravelProjects/NewIFMCLTD/kenBranch/vendor/laravel/framework/src/Illuminate/Pipeline/Pipeline.php(180): Illuminate\\Session\\Middleware\\StartSession->handle()
#38 /mnt/d/Project/LaravelProjects/NewIFMCLTD/kenBranch/vendor/laravel/framework/src/Illuminate/Cookie/Middleware/AddQueuedCookiesToResponse.php(37): Illuminate\\Pipeline\\Pipeline->Illuminate\\Pipeline\\{closure}()
#39 /mnt/d/Project/LaravelProjects/NewIFMCLTD/kenBranch/vendor/laravel/framework/src/Illuminate/Pipeline/Pipeline.php(180): Illuminate\\Cookie\\Middleware\\AddQueuedCookiesToResponse->handle()
#40 /mnt/d/Project/LaravelProjects/NewIFMCLTD/kenBranch/vendor/laravel/framework/src/Illuminate/Cookie/Middleware/EncryptCookies.php(67): Illuminate\\Pipeline\\Pipeline->Illuminate\\Pipeline\\{closure}()
#41 /mnt/d/Project/LaravelProjects/NewIFMCLTD/kenBranch/vendor/laravel/framework/src/Illuminate/Pipeline/Pipeline.php(180): Illuminate\\Cookie\\Middleware\\EncryptCookies->handle()
#42 /mnt/d/Project/LaravelProjects/NewIFMCLTD/kenBranch/vendor/laravel/framework/src/Illuminate/Pipeline/Pipeline.php(116): Illuminate\\Pipeline\\Pipeline->Illuminate\\Pipeline\\{closure}()
#43 /mnt/d/Project/LaravelProjects/NewIFMCLTD/kenBranch/vendor/laravel/framework/src/Illuminate/Routing/Router.php(799): Illuminate\\Pipeline\\Pipeline->then()
#44 /mnt/d/Project/LaravelProjects/NewIFMCLTD/kenBranch/vendor/laravel/framework/src/Illuminate/Routing/Router.php(776): Illuminate\\Routing\\Router->runRouteWithinStack()
#45 /mnt/d/Project/LaravelProjects/NewIFMCLTD/kenBranch/vendor/laravel/framework/src/Illuminate/Routing/Router.php(740): Illuminate\\Routing\\Router->runRoute()
#46 /mnt/d/Project/LaravelProjects/NewIFMCLTD/kenBranch/vendor/laravel/framework/src/Illuminate/Routing/Router.php(729): Illuminate\\Routing\\Router->dispatchToRoute()
#47 /mnt/d/Project/LaravelProjects/NewIFMCLTD/kenBranch/vendor/laravel/framework/src/Illuminate/Foundation/Http/Kernel.php(190): Illuminate\\Routing\\Router->dispatch()
#48 /mnt/d/Project/LaravelProjects/NewIFMCLTD/kenBranch/vendor/laravel/framework/src/Illuminate/Pipeline/Pipeline.php(141): Illuminate\\Foundation\\Http\\Kernel->Illuminate\\Foundation\\Http\\{closure}()
#49 /mnt/d/Project/LaravelProjects/NewIFMCLTD/kenBranch/vendor/laravel/framework/src/Illuminate/Foundation/Http/Middleware/TransformsRequest.php(21): Illuminate\\Pipeline\\Pipeline->Illuminate\\Pipeline\\{closure}()
#50 /mnt/d/Project/LaravelProjects/NewIFMCLTD/kenBranch/vendor/laravel/framework/src/Illuminate/Foundation/Http/Middleware/ConvertEmptyStringsToNull.php(31): Illuminate\\Foundation\\Http\\Middleware\\TransformsRequest->handle()
#51 /mnt/d/Project/LaravelProjects/NewIFMCLTD/kenBranch/vendor/laravel/framework/src/Illuminate/Pipeline/Pipeline.php(180): Illuminate\\Foundation\\Http\\Middleware\\ConvertEmptyStringsToNull->handle()
#52 /mnt/d/Project/LaravelProjects/NewIFMCLTD/kenBranch/vendor/laravel/framework/src/Illuminate/Foundation/Http/Middleware/TransformsRequest.php(21): Illuminate\\Pipeline\\Pipeline->Illuminate\\Pipeline\\{closure}()
#53 /mnt/d/Project/LaravelProjects/NewIFMCLTD/kenBranch/vendor/laravel/framework/src/Illuminate/Foundation/Http/Middleware/TrimStrings.php(40): Illuminate\\Foundation\\Http\\Middleware\\TransformsRequest->handle()
#54 /mnt/d/Project/LaravelProjects/NewIFMCLTD/kenBranch/vendor/laravel/framework/src/Illuminate/Pipeline/Pipeline.php(180): Illuminate\\Foundation\\Http\\Middleware\\TrimStrings->handle()
#55 /mnt/d/Project/LaravelProjects/NewIFMCLTD/kenBranch/vendor/laravel/framework/src/Illuminate/Foundation/Http/Middleware/ValidatePostSize.php(27): Illuminate\\Pipeline\\Pipeline->Illuminate\\Pipeline\\{closure}()
#56 /mnt/d/Project/LaravelProjects/NewIFMCLTD/kenBranch/vendor/laravel/framework/src/Illuminate/Pipeline/Pipeline.php(180): Illuminate\\Foundation\\Http\\Middleware\\ValidatePostSize->handle()
#57 /mnt/d/Project/LaravelProjects/NewIFMCLTD/kenBranch/vendor/laravel/framework/src/Illuminate/Foundation/Http/Middleware/PreventRequestsDuringMaintenance.php(86): Illuminate\\Pipeline\\Pipeline->Illuminate\\Pipeline\\{closure}()
#58 /mnt/d/Project/LaravelProjects/NewIFMCLTD/kenBranch/vendor/laravel/framework/src/Illuminate/Pipeline/Pipeline.php(180): Illuminate\\Foundation\\Http\\Middleware\\PreventRequestsDuringMaintenance->handle()
#59 /mnt/d/Project/LaravelProjects/NewIFMCLTD/kenBranch/vendor/laravel/framework/src/Illuminate/Http/Middleware/HandleCors.php(49): Illuminate\\Pipeline\\Pipeline->Illuminate\\Pipeline\\{closure}()
#60 /mnt/d/Project/LaravelProjects/NewIFMCLTD/kenBranch/vendor/laravel/framework/src/Illuminate/Pipeline/Pipeline.php(180): Illuminate\\Http\\Middleware\\HandleCors->handle()
#61 /mnt/d/Project/LaravelProjects/NewIFMCLTD/kenBranch/vendor/laravel/framework/src/Illuminate/Http/Middleware/TrustProxies.php(39): Illuminate\\Pipeline\\Pipeline->Illuminate\\Pipeline\\{closure}()
#62 /mnt/d/Project/LaravelProjects/NewIFMCLTD/kenBranch/vendor/laravel/framework/src/Illuminate/Pipeline/Pipeline.php(180): Illuminate\\Http\\Middleware\\TrustProxies->handle()
#63 /mnt/d/Project/LaravelProjects/NewIFMCLTD/kenBranch/vendor/laravel/framework/src/Illuminate/Pipeline/Pipeline.php(116): Illuminate\\Pipeline\\Pipeline->Illuminate\\Pipeline\\{closure}()
#64 /mnt/d/Project/LaravelProjects/NewIFMCLTD/kenBranch/vendor/laravel/framework/src/Illuminate/Foundation/Http/Kernel.php(165): Illuminate\\Pipeline\\Pipeline->then()
#65 /mnt/d/Project/LaravelProjects/NewIFMCLTD/kenBranch/vendor/laravel/framework/src/Illuminate/Foundation/Http/Kernel.php(134): Illuminate\\Foundation\\Http\\Kernel->sendRequestThroughRouter()
#66 /mnt/d/Project/LaravelProjects/NewIFMCLTD/kenBranch/public/index.php(52): Illuminate\\Foundation\\Http\\Kernel->handle()
#67 /mnt/d/Project/LaravelProjects/NewIFMCLTD/kenBranch/vendor/laravel/framework/src/Illuminate/Foundation/resources/server.php(16): require_once('...')
#68 {main}

[previous exception] [object] (PDOException(code: 0): PDO::__construct(): php_network_getaddresses: getaddrinfo for ifmcltd-mysql-1 failed: Temporary failure in name resolution at /mnt/d/Project/LaravelProjects/NewIFMCLTD/kenBranch/vendor/laravel/framework/src/Illuminate/Database/Connectors/Connector.php:70)
[stacktrace]
#0 /mnt/d/Project/LaravelProjects/NewIFMCLTD/kenBranch/vendor/laravel/framework/src/Illuminate/Database/Connectors/Connector.php(70): PDO->__construct()
#1 /mnt/d/Project/LaravelProjects/NewIFMCLTD/kenBranch/vendor/laravel/framework/src/Illuminate/Database/Connectors/Connector.php(100): Illuminate\\Database\\Connectors\\Connector->createPdoConnection()
#2 /mnt/d/Project/LaravelProjects/NewIFMCLTD/kenBranch/vendor/laravel/framework/src/Illuminate/Database/Connectors/Connector.php(50): Illuminate\\Database\\Connectors\\Connector->tryAgainIfCausedByLostConnection()
#3 /mnt/d/Project/LaravelProjects/NewIFMCLTD/kenBranch/vendor/laravel/framework/src/Illuminate/Database/Connectors/MySqlConnector.php(24): Illuminate\\Database\\Connectors\\Connector->createConnection()
#4 /mnt/d/Project/LaravelProjects/NewIFMCLTD/kenBranch/vendor/laravel/framework/src/Illuminate/Database/Connectors/ConnectionFactory.php(184): Illuminate\\Database\\Connectors\\MySqlConnector->connect()
#5 [internal function]: Illuminate\\Database\\Connectors\\ConnectionFactory->Illuminate\\Database\\Connectors\\{closure}()
#6 /mnt/d/Project/LaravelProjects/NewIFMCLTD/kenBranch/vendor/laravel/framework/src/Illuminate/Database/Connection.php(1181): call_user_func()
#7 /mnt/d/Project/LaravelProjects/NewIFMCLTD/kenBranch/vendor/laravel/framework/src/Illuminate/Database/Connection.php(1217): Illuminate\\Database\\Connection->getPdo()
#8 /mnt/d/Project/LaravelProjects/NewIFMCLTD/kenBranch/vendor/laravel/framework/src/Illuminate/Database/Connection.php(486): Illuminate\\Database\\Connection->getReadPdo()
#9 /mnt/d/Project/LaravelProjects/NewIFMCLTD/kenBranch/vendor/laravel/framework/src/Illuminate/Database/Connection.php(414): Illuminate\\Database\\Connection->getPdoForSelect()
#10 /mnt/d/Project/LaravelProjects/NewIFMCLTD/kenBranch/vendor/laravel/framework/src/Illuminate/Database/Connection.php(753): Illuminate\\Database\\Connection->Illuminate\\Database\\{closure}()
#11 /mnt/d/Project/LaravelProjects/NewIFMCLTD/kenBranch/vendor/laravel/framework/src/Illuminate/Database/Connection.php(899): Illuminate\\Database\\Connection->runQueryCallback()
#12 /mnt/d/Project/LaravelProjects/NewIFMCLTD/kenBranch/vendor/laravel/framework/src/Illuminate/Database/Connection.php(879): Illuminate\\Database\\Connection->tryAgainIfCausedByLostConnection()
#13 /mnt/d/Project/LaravelProjects/NewIFMCLTD/kenBranch/vendor/laravel/framework/src/Illuminate/Database/Connection.php(723): Illuminate\\Database\\Connection->handleQueryException()
#14 /mnt/d/Project/LaravelProjects/NewIFMCLTD/kenBranch/vendor/laravel/framework/src/Illuminate/Database/Connection.php(422): Illuminate\\Database\\Connection->run()
#15 /mnt/d/Project/LaravelProjects/NewIFMCLTD/kenBranch/vendor/laravel/framework/src/Illuminate/Database/Query/Builder.php(2706): Illuminate\\Database\\Connection->select()
#16 /mnt/d/Project/LaravelProjects/NewIFMCLTD/kenBranch/vendor/laravel/framework/src/Illuminate/Database/Query/Builder.php(2694): Illuminate\\Database\\Query\\Builder->runSelect()
#17 /mnt/d/Project/LaravelProjects/NewIFMCLTD/kenBranch/vendor/laravel/framework/src/Illuminate/Database/Query/Builder.php(3230): Illuminate\\Database\\Query\\Builder->Illuminate\\Database\\Query\\{closure}()
#18 /mnt/d/Project/LaravelProjects/NewIFMCLTD/kenBranch/vendor/laravel/framework/src/Illuminate/Database/Query/Builder.php(2695): Illuminate\\Database\\Query\\Builder->onceWithColumns()
#19 /mnt/d/Project/LaravelProjects/NewIFMCLTD/kenBranch/vendor/laravel/framework/src/Illuminate/Database/Eloquent/Builder.php(710): Illuminate\\Database\\Query\\Builder->get()
#20 /mnt/d/Project/LaravelProjects/NewIFMCLTD/kenBranch/vendor/laravel/framework/src/Illuminate/Database/Eloquent/Builder.php(694): Illuminate\\Database\\Eloquent\\Builder->getModels()
#21 /mnt/d/Project/LaravelProjects/NewIFMCLTD/kenBranch/vendor/laravel/framework/src/Illuminate/Database/Concerns/BuildsQueries.php(296): Illuminate\\Database\\Eloquent\\Builder->get()
#22 /mnt/d/Project/LaravelProjects/NewIFMCLTD/kenBranch/app/Http/Controllers/SiteController.php(43): Illuminate\\Database\\Eloquent\\Builder->first()
#23 /mnt/d/Project/LaravelProjects/NewIFMCLTD/kenBranch/vendor/laravel/framework/src/Illuminate/Routing/Controller.php(54): App\\Http\\Controllers\\SiteController->welcome()
#24 /mnt/d/Project/LaravelProjects/NewIFMCLTD/kenBranch/vendor/laravel/framework/src/Illuminate/Routing/ControllerDispatcher.php(43): Illuminate\\Routing\\Controller->callAction()
#25 /mnt/d/Project/LaravelProjects/NewIFMCLTD/kenBranch/vendor/laravel/framework/src/Illuminate/Routing/Route.php(260): Illuminate\\Routing\\ControllerDispatcher->dispatch()
#26 /mnt/d/Project/LaravelProjects/NewIFMCLTD/kenBranch/vendor/laravel/framework/src/Illuminate/Routing/Route.php(205): Illuminate\\Routing\\Route->runController()
#27 /mnt/d/Project/LaravelProjects/NewIFMCLTD/kenBranch/vendor/laravel/framework/src/Illuminate/Routing/Router.php(798): Illuminate\\Routing\\Route->run()
#28 /mnt/d/Project/LaravelProjects/NewIFMCLTD/kenBranch/vendor/laravel/framework/src/Illuminate/Pipeline/Pipeline.php(141): Illuminate\\Routing\\Router->Illuminate\\Routing\\{closure}()
#29 /mnt/d/Project/LaravelProjects/NewIFMCLTD/kenBranch/vendor/laravel/framework/src/Illuminate/Routing/Middleware/SubstituteBindings.php(50): Illuminate\\Pipeline\\Pipeline->Illuminate\\Pipeline\\{closure}()
#30 /mnt/d/Project/LaravelProjects/NewIFMCLTD/kenBranch/vendor/laravel/framework/src/Illuminate/Pipeline/Pipeline.php(180): Illuminate\\Routing\\Middleware\\SubstituteBindings->handle()
#31 /mnt/d/Project/LaravelProjects/NewIFMCLTD/kenBranch/vendor/laravel/framework/src/Illuminate/Foundation/Http/Middleware/VerifyCsrfToken.php(78): Illuminate\\Pipeline\\Pipeline->Illuminate\\Pipeline\\{closure}()
#32 /mnt/d/Project/LaravelProjects/NewIFMCLTD/kenBranch/vendor/laravel/framework/src/Illuminate/Pipeline/Pipeline.php(180): Illuminate\\Foundation\\Http\\Middleware\\VerifyCsrfToken->handle()
#33 /mnt/d/Project/LaravelProjects/NewIFMCLTD/kenBranch/vendor/laravel/framework/src/Illuminate/View/Middleware/ShareErrorsFromSession.php(49): Illuminate\\Pipeline\\Pipeline->Illuminate\\Pipeline\\{closure}()
#34 /mnt/d/Project/LaravelProjects/NewIFMCLTD/kenBranch/vendor/laravel/framework/src/Illuminate/Pipeline/Pipeline.php(180): Illuminate\\View\\Middleware\\ShareErrorsFromSession->handle()
#35 /mnt/d/Project/LaravelProjects/NewIFMCLTD/kenBranch/vendor/laravel/framework/src/Illuminate/Session/Middleware/StartSession.php(121): Illuminate\\Pipeline\\Pipeline->Illuminate\\Pipeline\\{closure}()
#36 /mnt/d/Project/LaravelProjects/NewIFMCLTD/kenBranch/vendor/laravel/framework/src/Illuminate/Session/Middleware/StartSession.php(64): Illuminate\\Session\\Middleware\\StartSession->handleStatefulRequest()
#37 /mnt/d/Project/LaravelProjects/NewIFMCLTD/kenBranch/vendor/laravel/framework/src/Illuminate/Pipeline/Pipeline.php(180): Illuminate\\Session\\Middleware\\StartSession->handle()
#38 /mnt/d/Project/LaravelProjects/NewIFMCLTD/kenBranch/vendor/laravel/framework/src/Illuminate/Cookie/Middleware/AddQueuedCookiesToResponse.php(37): Illuminate\\Pipeline\\Pipeline->Illuminate\\Pipeline\\{closure}()
#39 /mnt/d/Project/LaravelProjects/NewIFMCLTD/kenBranch/vendor/laravel/framework/src/Illuminate/Pipeline/Pipeline.php(180): Illuminate\\Cookie\\Middleware\\AddQueuedCookiesToResponse->handle()
#40 /mnt/d/Project/LaravelProjects/NewIFMCLTD/kenBranch/vendor/laravel/framework/src/Illuminate/Cookie/Middleware/EncryptCookies.php(67): Illuminate\\Pipeline\\Pipeline->Illuminate\\Pipeline\\{closure}()
#41 /mnt/d/Project/LaravelProjects/NewIFMCLTD/kenBranch/vendor/laravel/framework/src/Illuminate/Pipeline/Pipeline.php(180): Illuminate\\Cookie\\Middleware\\EncryptCookies->handle()
#42 /mnt/d/Project/LaravelProjects/NewIFMCLTD/kenBranch/vendor/laravel/framework/src/Illuminate/Pipeline/Pipeline.php(116): Illuminate\\Pipeline\\Pipeline->Illuminate\\Pipeline\\{closure}()
#43 /mnt/d/Project/LaravelProjects/NewIFMCLTD/kenBranch/vendor/laravel/framework/src/Illuminate/Routing/Router.php(799): Illuminate\\Pipeline\\Pipeline->then()
#44 /mnt/d/Project/LaravelProjects/NewIFMCLTD/kenBranch/vendor/laravel/framework/src/Illuminate/Routing/Router.php(776): Illuminate\\Routing\\Router->runRouteWithinStack()
#45 /mnt/d/Project/LaravelProjects/NewIFMCLTD/kenBranch/vendor/laravel/framework/src/Illuminate/Routing/Router.php(740): Illuminate\\Routing\\Router->runRoute()
#46 /mnt/d/Project/LaravelProjects/NewIFMCLTD/kenBranch/vendor/laravel/framework/src/Illuminate/Routing/Router.php(729): Illuminate\\Routing\\Router->dispatchToRoute()
#47 /mnt/d/Project/LaravelProjects/NewIFMCLTD/kenBranch/vendor/laravel/framework/src/Illuminate/Foundation/Http/Kernel.php(190): Illuminate\\Routing\\Router->dispatch()
#48 /mnt/d/Project/LaravelProjects/NewIFMCLTD/kenBranch/vendor/laravel/framework/src/Illuminate/Pipeline/Pipeline.php(141): Illuminate\\Foundation\\Http\\Kernel->Illuminate\\Foundation\\Http\\{closure}()
#49 /mnt/d/Project/LaravelProjects/NewIFMCLTD/kenBranch/vendor/laravel/framework/src/Illuminate/Foundation/Http/Middleware/TransformsRequest.php(21): Illuminate\\Pipeline\\Pipeline->Illuminate\\Pipeline\\{closure}()
#50 /mnt/d/Project/LaravelProjects/NewIFMCLTD/kenBranch/vendor/laravel/framework/src/Illuminate/Foundation/Http/Middleware/ConvertEmptyStringsToNull.php(31): Illuminate\\Foundation\\Http\\Middleware\\TransformsRequest->handle()
#51 /mnt/d/Project/LaravelProjects/NewIFMCLTD/kenBranch/vendor/laravel/framework/src/Illuminate/Pipeline/Pipeline.php(180): Illuminate\\Foundation\\Http\\Middleware\\ConvertEmptyStringsToNull->handle()
#52 /mnt/d/Project/LaravelProjects/NewIFMCLTD/kenBranch/vendor/laravel/framework/src/Illuminate/Foundation/Http/Middleware/TransformsRequest.php(21): Illuminate\\Pipeline\\Pipeline->Illuminate\\Pipeline\\{closure}()
#53 /mnt/d/Project/LaravelProjects/NewIFMCLTD/kenBranch/vendor/laravel/framework/src/Illuminate/Foundation/Http/Middleware/TrimStrings.php(40): Illuminate\\Foundation\\Http\\Middleware\\TransformsRequest->handle()
#54 /mnt/d/Project/LaravelProjects/NewIFMCLTD/kenBranch/vendor/laravel/framework/src/Illuminate/Pipeline/Pipeline.php(180): Illuminate\\Foundation\\Http\\Middleware\\TrimStrings->handle()
#55 /mnt/d/Project/LaravelProjects/NewIFMCLTD/kenBranch/vendor/laravel/framework/src/Illuminate/Foundation/Http/Middleware/ValidatePostSize.php(27): Illuminate\\Pipeline\\Pipeline->Illuminate\\Pipeline\\{closure}()
#56 /mnt/d/Project/LaravelProjects/NewIFMCLTD/kenBranch/vendor/laravel/framework/src/Illuminate/Pipeline/Pipeline.php(180): Illuminate\\Foundation\\Http\\Middleware\\ValidatePostSize->handle()
#57 /mnt/d/Project/LaravelProjects/NewIFMCLTD/kenBranch/vendor/laravel/framework/src/Illuminate/Foundation/Http/Middleware/PreventRequestsDuringMaintenance.php(86): Illuminate\\Pipeline\\Pipeline->Illuminate\\Pipeline\\{closure}()
#58 /mnt/d/Project/LaravelProjects/NewIFMCLTD/kenBranch/vendor/laravel/framework/src/Illuminate/Pipeline/Pipeline.php(180): Illuminate\\Foundation\\Http\\Middleware\\PreventRequestsDuringMaintenance->handle()
#59 /mnt/d/Project/LaravelProjects/NewIFMCLTD/kenBranch/vendor/laravel/framework/src/Illuminate/Http/Middleware/HandleCors.php(49): Illuminate\\Pipeline\\Pipeline->Illuminate\\Pipeline\\{closure}()
#60 /mnt/d/Project/LaravelProjects/NewIFMCLTD/kenBranch/vendor/laravel/framework/src/Illuminate/Pipeline/Pipeline.php(180): Illuminate\\Http\\Middleware\\HandleCors->handle()
#61 /mnt/d/Project/LaravelProjects/NewIFMCLTD/kenBranch/vendor/laravel/framework/src/Illuminate/Http/Middleware/TrustProxies.php(39): Illuminate\\Pipeline\\Pipeline->Illuminate\\Pipeline\\{closure}()
#62 /mnt/d/Project/LaravelProjects/NewIFMCLTD/kenBranch/vendor/laravel/framework/src/Illuminate/Pipeline/Pipeline.php(180): Illuminate\\Http\\Middleware\\TrustProxies->handle()
#63 /mnt/d/Project/LaravelProjects/NewIFMCLTD/kenBranch/vendor/laravel/framework/src/Illuminate/Pipeline/Pipeline.php(116): Illuminate\\Pipeline\\Pipeline->Illuminate\\Pipeline\\{closure}()
#64 /mnt/d/Project/LaravelProjects/NewIFMCLTD/kenBranch/vendor/laravel/framework/src/Illuminate/Foundation/Http/Kernel.php(165): Illuminate\\Pipeline\\Pipeline->then()
#65 /mnt/d/Project/LaravelProjects/NewIFMCLTD/kenBranch/vendor/laravel/framework/src/Illuminate/Foundation/Http/Kernel.php(134): Illuminate\\Foundation\\Http\\Kernel->sendRequestThroughRouter()
#66 /mnt/d/Project/LaravelProjects/NewIFMCLTD/kenBranch/public/index.php(52): Illuminate\\Foundation\\Http\\Kernel->handle()
#67 /mnt/d/Project/LaravelProjects/NewIFMCLTD/kenBranch/vendor/laravel/framework/src/Illuminate/Foundation/resources/server.php(16): require_once('...')
#68 {main}
"} 
[2023-07-09 12:35:35] local.ERROR: file_put_contents(D:\Project\LaravelProjects\NewIFMCLTD\kenBranch\storage\framework/sessions/5DpHvfaHdpa1uWsaKTHzRdog95nWr7JDoXmYyUGY): Failed to open stream: No such file or directory {"exception":"[object] (ErrorException(code: 0): file_put_contents(D:\\Project\\LaravelProjects\\NewIFMCLTD\\kenBranch\\storage\\framework/sessions/5DpHvfaHdpa1uWsaKTHzRdog95nWr7JDoXmYyUGY): Failed to open stream: No such file or directory at /mnt/d/Project/LaravelProjects/NewIFMCLTD/kenBranch/vendor/laravel/framework/src/Illuminate/Filesystem/Filesystem.php:190)
[stacktrace]
#0 /mnt/d/Project/LaravelProjects/NewIFMCLTD/kenBranch/vendor/laravel/framework/src/Illuminate/Foundation/Bootstrap/HandleExceptions.php(270): Illuminate\\Foundation\\Bootstrap\\HandleExceptions->handleError()
#1 [internal function]: Illuminate\\Foundation\\Bootstrap\\HandleExceptions->Illuminate\\Foundation\\Bootstrap\\{closure}()
#2 /mnt/d/Project/LaravelProjects/NewIFMCLTD/kenBranch/vendor/laravel/framework/src/Illuminate/Filesystem/Filesystem.php(190): file_put_contents()
#3 /mnt/d/Project/LaravelProjects/NewIFMCLTD/kenBranch/vendor/laravel/framework/src/Illuminate/Session/FileSessionHandler.php(90): Illuminate\\Filesystem\\Filesystem->put()
#4 /mnt/d/Project/LaravelProjects/NewIFMCLTD/kenBranch/vendor/laravel/framework/src/Illuminate/Session/Store.php(173): Illuminate\\Session\\FileSessionHandler->write()
#5 /mnt/d/Project/LaravelProjects/NewIFMCLTD/kenBranch/vendor/laravel/framework/src/Illuminate/Session/Middleware/StartSession.php(238): Illuminate\\Session\\Store->save()
#6 /mnt/d/Project/LaravelProjects/NewIFMCLTD/kenBranch/vendor/laravel/framework/src/Illuminate/Session/Middleware/StartSession.php(130): Illuminate\\Session\\Middleware\\StartSession->saveSession()
#7 /mnt/d/Project/LaravelProjects/NewIFMCLTD/kenBranch/vendor/laravel/framework/src/Illuminate/Session/Middleware/StartSession.php(64): Illuminate\\Session\\Middleware\\StartSession->handleStatefulRequest()
#8 /mnt/d/Project/LaravelProjects/NewIFMCLTD/kenBranch/vendor/laravel/framework/src/Illuminate/Pipeline/Pipeline.php(180): Illuminate\\Session\\Middleware\\StartSession->handle()
#9 /mnt/d/Project/LaravelProjects/NewIFMCLTD/kenBranch/vendor/laravel/framework/src/Illuminate/Cookie/Middleware/AddQueuedCookiesToResponse.php(37): Illuminate\\Pipeline\\Pipeline->Illuminate\\Pipeline\\{closure}()
#10 /mnt/d/Project/LaravelProjects/NewIFMCLTD/kenBranch/vendor/laravel/framework/src/Illuminate/Pipeline/Pipeline.php(180): Illuminate\\Cookie\\Middleware\\AddQueuedCookiesToResponse->handle()
#11 /mnt/d/Project/LaravelProjects/NewIFMCLTD/kenBranch/vendor/laravel/framework/src/Illuminate/Cookie/Middleware/EncryptCookies.php(67): Illuminate\\Pipeline\\Pipeline->Illuminate\\Pipeline\\{closure}()
#12 /mnt/d/Project/LaravelProjects/NewIFMCLTD/kenBranch/vendor/laravel/framework/src/Illuminate/Pipeline/Pipeline.php(180): Illuminate\\Cookie\\Middleware\\EncryptCookies->handle()
#13 /mnt/d/Project/LaravelProjects/NewIFMCLTD/kenBranch/vendor/laravel/framework/src/Illuminate/Pipeline/Pipeline.php(116): Illuminate\\Pipeline\\Pipeline->Illuminate\\Pipeline\\{closure}()
#14 /mnt/d/Project/LaravelProjects/NewIFMCLTD/kenBranch/vendor/laravel/framework/src/Illuminate/Routing/Router.php(799): Illuminate\\Pipeline\\Pipeline->then()
#15 /mnt/d/Project/LaravelProjects/NewIFMCLTD/kenBranch/vendor/laravel/framework/src/Illuminate/Routing/Router.php(776): Illuminate\\Routing\\Router->runRouteWithinStack()
#16 /mnt/d/Project/LaravelProjects/NewIFMCLTD/kenBranch/vendor/laravel/framework/src/Illuminate/Routing/Router.php(740): Illuminate\\Routing\\Router->runRoute()
#17 /mnt/d/Project/LaravelProjects/NewIFMCLTD/kenBranch/vendor/laravel/framework/src/Illuminate/Routing/Router.php(729): Illuminate\\Routing\\Router->dispatchToRoute()
#18 /mnt/d/Project/LaravelProjects/NewIFMCLTD/kenBranch/vendor/laravel/framework/src/Illuminate/Foundation/Http/Kernel.php(190): Illuminate\\Routing\\Router->dispatch()
#19 /mnt/d/Project/LaravelProjects/NewIFMCLTD/kenBranch/vendor/laravel/framework/src/Illuminate/Pipeline/Pipeline.php(141): Illuminate\\Foundation\\Http\\Kernel->Illuminate\\Foundation\\Http\\{closure}()
#20 /mnt/d/Project/LaravelProjects/NewIFMCLTD/kenBranch/vendor/laravel/framework/src/Illuminate/Foundation/Http/Middleware/TransformsRequest.php(21): Illuminate\\Pipeline\\Pipeline->Illuminate\\Pipeline\\{closure}()
#21 /mnt/d/Project/LaravelProjects/NewIFMCLTD/kenBranch/vendor/laravel/framework/src/Illuminate/Foundation/Http/Middleware/ConvertEmptyStringsToNull.php(31): Illuminate\\Foundation\\Http\\Middleware\\TransformsRequest->handle()
#22 /mnt/d/Project/LaravelProjects/NewIFMCLTD/kenBranch/vendor/laravel/framework/src/Illuminate/Pipeline/Pipeline.php(180): Illuminate\\Foundation\\Http\\Middleware\\ConvertEmptyStringsToNull->handle()
#23 /mnt/d/Project/LaravelProjects/NewIFMCLTD/kenBranch/vendor/laravel/framework/src/Illuminate/Foundation/Http/Middleware/TransformsRequest.php(21): Illuminate\\Pipeline\\Pipeline->Illuminate\\Pipeline\\{closure}()
#24 /mnt/d/Project/LaravelProjects/NewIFMCLTD/kenBranch/vendor/laravel/framework/src/Illuminate/Foundation/Http/Middleware/TrimStrings.php(40): Illuminate\\Foundation\\Http\\Middleware\\TransformsRequest->handle()
#25 /mnt/d/Project/LaravelProjects/NewIFMCLTD/kenBranch/vendor/laravel/framework/src/Illuminate/Pipeline/Pipeline.php(180): Illuminate\\Foundation\\Http\\Middleware\\TrimStrings->handle()
#26 /mnt/d/Project/LaravelProjects/NewIFMCLTD/kenBranch/vendor/laravel/framework/src/Illuminate/Foundation/Http/Middleware/ValidatePostSize.php(27): Illuminate\\Pipeline\\Pipeline->Illuminate\\Pipeline\\{closure}()
#27 /mnt/d/Project/LaravelProjects/NewIFMCLTD/kenBranch/vendor/laravel/framework/src/Illuminate/Pipeline/Pipeline.php(180): Illuminate\\Foundation\\Http\\Middleware\\ValidatePostSize->handle()
#28 /mnt/d/Project/LaravelProjects/NewIFMCLTD/kenBranch/vendor/laravel/framework/src/Illuminate/Foundation/Http/Middleware/PreventRequestsDuringMaintenance.php(86): Illuminate\\Pipeline\\Pipeline->Illuminate\\Pipeline\\{closure}()
#29 /mnt/d/Project/LaravelProjects/NewIFMCLTD/kenBranch/vendor/laravel/framework/src/Illuminate/Pipeline/Pipeline.php(180): Illuminate\\Foundation\\Http\\Middleware\\PreventRequestsDuringMaintenance->handle()
#30 /mnt/d/Project/LaravelProjects/NewIFMCLTD/kenBranch/vendor/laravel/framework/src/Illuminate/Http/Middleware/HandleCors.php(49): Illuminate\\Pipeline\\Pipeline->Illuminate\\Pipeline\\{closure}()
#31 /mnt/d/Project/LaravelProjects/NewIFMCLTD/kenBranch/vendor/laravel/framework/src/Illuminate/Pipeline/Pipeline.php(180): Illuminate\\Http\\Middleware\\HandleCors->handle()
#32 /mnt/d/Project/LaravelProjects/NewIFMCLTD/kenBranch/vendor/laravel/framework/src/Illuminate/Http/Middleware/TrustProxies.php(39): Illuminate\\Pipeline\\Pipeline->Illuminate\\Pipeline\\{closure}()
#33 /mnt/d/Project/LaravelProjects/NewIFMCLTD/kenBranch/vendor/laravel/framework/src/Illuminate/Pipeline/Pipeline.php(180): Illuminate\\Http\\Middleware\\TrustProxies->handle()
#34 /mnt/d/Project/LaravelProjects/NewIFMCLTD/kenBranch/vendor/laravel/framework/src/Illuminate/Pipeline/Pipeline.php(116): Illuminate\\Pipeline\\Pipeline->Illuminate\\Pipeline\\{closure}()
#35 /mnt/d/Project/LaravelProjects/NewIFMCLTD/kenBranch/vendor/laravel/framework/src/Illuminate/Foundation/Http/Kernel.php(165): Illuminate\\Pipeline\\Pipeline->then()
#36 /mnt/d/Project/LaravelProjects/NewIFMCLTD/kenBranch/vendor/laravel/framework/src/Illuminate/Foundation/Http/Kernel.php(134): Illuminate\\Foundation\\Http\\Kernel->sendRequestThroughRouter()
#37 /mnt/d/Project/LaravelProjects/NewIFMCLTD/kenBranch/public/index.php(52): Illuminate\\Foundation\\Http\\Kernel->handle()
#38 /mnt/d/Project/LaravelProjects/NewIFMCLTD/kenBranch/vendor/laravel/framework/src/Illuminate/Foundation/resources/server.php(16): require_once('...')
#39 {main}
"} 
[2023-07-09 12:40:59] local.ERROR: SQLSTATE[HY000] [2002] No such file or directory (SQL: select * from `site_content` order by `id` desc limit 1) {"exception":"[object] (Illuminate\\Database\\QueryException(code: 2002): SQLSTATE[HY000] [2002] No such file or directory (SQL: select * from `site_content` order by `id` desc limit 1) at /mnt/d/Project/LaravelProjects/NewIFMCLTD/kenBranch/vendor/laravel/framework/src/Illuminate/Database/Connection.php:760)
[stacktrace]
#0 /mnt/d/Project/LaravelProjects/NewIFMCLTD/kenBranch/vendor/laravel/framework/src/Illuminate/Database/Connection.php(899): Illuminate\\Database\\Connection->runQueryCallback()
#1 /mnt/d/Project/LaravelProjects/NewIFMCLTD/kenBranch/vendor/laravel/framework/src/Illuminate/Database/Connection.php(879): Illuminate\\Database\\Connection->tryAgainIfCausedByLostConnection()
#2 /mnt/d/Project/LaravelProjects/NewIFMCLTD/kenBranch/vendor/laravel/framework/src/Illuminate/Database/Connection.php(723): Illuminate\\Database\\Connection->handleQueryException()
#3 /mnt/d/Project/LaravelProjects/NewIFMCLTD/kenBranch/vendor/laravel/framework/src/Illuminate/Database/Connection.php(422): Illuminate\\Database\\Connection->run()
#4 /mnt/d/Project/LaravelProjects/NewIFMCLTD/kenBranch/vendor/laravel/framework/src/Illuminate/Database/Query/Builder.php(2706): Illuminate\\Database\\Connection->select()
#5 /mnt/d/Project/LaravelProjects/NewIFMCLTD/kenBranch/vendor/laravel/framework/src/Illuminate/Database/Query/Builder.php(2694): Illuminate\\Database\\Query\\Builder->runSelect()
#6 /mnt/d/Project/LaravelProjects/NewIFMCLTD/kenBranch/vendor/laravel/framework/src/Illuminate/Database/Query/Builder.php(3230): Illuminate\\Database\\Query\\Builder->Illuminate\\Database\\Query\\{closure}()
#7 /mnt/d/Project/LaravelProjects/NewIFMCLTD/kenBranch/vendor/laravel/framework/src/Illuminate/Database/Query/Builder.php(2695): Illuminate\\Database\\Query\\Builder->onceWithColumns()
#8 /mnt/d/Project/LaravelProjects/NewIFMCLTD/kenBranch/vendor/laravel/framework/src/Illuminate/Database/Eloquent/Builder.php(710): Illuminate\\Database\\Query\\Builder->get()
#9 /mnt/d/Project/LaravelProjects/NewIFMCLTD/kenBranch/vendor/laravel/framework/src/Illuminate/Database/Eloquent/Builder.php(694): Illuminate\\Database\\Eloquent\\Builder->getModels()
#10 /mnt/d/Project/LaravelProjects/NewIFMCLTD/kenBranch/vendor/laravel/framework/src/Illuminate/Database/Concerns/BuildsQueries.php(296): Illuminate\\Database\\Eloquent\\Builder->get()
#11 /mnt/d/Project/LaravelProjects/NewIFMCLTD/kenBranch/app/Http/Controllers/SiteController.php(43): Illuminate\\Database\\Eloquent\\Builder->first()
#12 /mnt/d/Project/LaravelProjects/NewIFMCLTD/kenBranch/vendor/laravel/framework/src/Illuminate/Routing/Controller.php(54): App\\Http\\Controllers\\SiteController->welcome()
#13 /mnt/d/Project/LaravelProjects/NewIFMCLTD/kenBranch/vendor/laravel/framework/src/Illuminate/Routing/ControllerDispatcher.php(43): Illuminate\\Routing\\Controller->callAction()
#14 /mnt/d/Project/LaravelProjects/NewIFMCLTD/kenBranch/vendor/laravel/framework/src/Illuminate/Routing/Route.php(260): Illuminate\\Routing\\ControllerDispatcher->dispatch()
#15 /mnt/d/Project/LaravelProjects/NewIFMCLTD/kenBranch/vendor/laravel/framework/src/Illuminate/Routing/Route.php(205): Illuminate\\Routing\\Route->runController()
#16 /mnt/d/Project/LaravelProjects/NewIFMCLTD/kenBranch/vendor/laravel/framework/src/Illuminate/Routing/Router.php(798): Illuminate\\Routing\\Route->run()
#17 /mnt/d/Project/LaravelProjects/NewIFMCLTD/kenBranch/vendor/laravel/framework/src/Illuminate/Pipeline/Pipeline.php(141): Illuminate\\Routing\\Router->Illuminate\\Routing\\{closure}()
#18 /mnt/d/Project/LaravelProjects/NewIFMCLTD/kenBranch/vendor/laravel/framework/src/Illuminate/Routing/Middleware/SubstituteBindings.php(50): Illuminate\\Pipeline\\Pipeline->Illuminate\\Pipeline\\{closure}()
#19 /mnt/d/Project/LaravelProjects/NewIFMCLTD/kenBranch/vendor/laravel/framework/src/Illuminate/Pipeline/Pipeline.php(180): Illuminate\\Routing\\Middleware\\SubstituteBindings->handle()
#20 /mnt/d/Project/LaravelProjects/NewIFMCLTD/kenBranch/vendor/laravel/framework/src/Illuminate/Foundation/Http/Middleware/VerifyCsrfToken.php(78): Illuminate\\Pipeline\\Pipeline->Illuminate\\Pipeline\\{closure}()
#21 /mnt/d/Project/LaravelProjects/NewIFMCLTD/kenBranch/vendor/laravel/framework/src/Illuminate/Pipeline/Pipeline.php(180): Illuminate\\Foundation\\Http\\Middleware\\VerifyCsrfToken->handle()
#22 /mnt/d/Project/LaravelProjects/NewIFMCLTD/kenBranch/vendor/laravel/framework/src/Illuminate/View/Middleware/ShareErrorsFromSession.php(49): Illuminate\\Pipeline\\Pipeline->Illuminate\\Pipeline\\{closure}()
#23 /mnt/d/Project/LaravelProjects/NewIFMCLTD/kenBranch/vendor/laravel/framework/src/Illuminate/Pipeline/Pipeline.php(180): Illuminate\\View\\Middleware\\ShareErrorsFromSession->handle()
#24 /mnt/d/Project/LaravelProjects/NewIFMCLTD/kenBranch/vendor/laravel/framework/src/Illuminate/Session/Middleware/StartSession.php(121): Illuminate\\Pipeline\\Pipeline->Illuminate\\Pipeline\\{closure}()
#25 /mnt/d/Project/LaravelProjects/NewIFMCLTD/kenBranch/vendor/laravel/framework/src/Illuminate/Session/Middleware/StartSession.php(64): Illuminate\\Session\\Middleware\\StartSession->handleStatefulRequest()
#26 /mnt/d/Project/LaravelProjects/NewIFMCLTD/kenBranch/vendor/laravel/framework/src/Illuminate/Pipeline/Pipeline.php(180): Illuminate\\Session\\Middleware\\StartSession->handle()
#27 /mnt/d/Project/LaravelProjects/NewIFMCLTD/kenBranch/vendor/laravel/framework/src/Illuminate/Cookie/Middleware/AddQueuedCookiesToResponse.php(37): Illuminate\\Pipeline\\Pipeline->Illuminate\\Pipeline\\{closure}()
#28 /mnt/d/Project/LaravelProjects/NewIFMCLTD/kenBranch/vendor/laravel/framework/src/Illuminate/Pipeline/Pipeline.php(180): Illuminate\\Cookie\\Middleware\\AddQueuedCookiesToResponse->handle()
#29 /mnt/d/Project/LaravelProjects/NewIFMCLTD/kenBranch/vendor/laravel/framework/src/Illuminate/Cookie/Middleware/EncryptCookies.php(67): Illuminate\\Pipeline\\Pipeline->Illuminate\\Pipeline\\{closure}()
#30 /mnt/d/Project/LaravelProjects/NewIFMCLTD/kenBranch/vendor/laravel/framework/src/Illuminate/Pipeline/Pipeline.php(180): Illuminate\\Cookie\\Middleware\\EncryptCookies->handle()
#31 /mnt/d/Project/LaravelProjects/NewIFMCLTD/kenBranch/vendor/laravel/framework/src/Illuminate/Pipeline/Pipeline.php(116): Illuminate\\Pipeline\\Pipeline->Illuminate\\Pipeline\\{closure}()
#32 /mnt/d/Project/LaravelProjects/NewIFMCLTD/kenBranch/vendor/laravel/framework/src/Illuminate/Routing/Router.php(799): Illuminate\\Pipeline\\Pipeline->then()
#33 /mnt/d/Project/LaravelProjects/NewIFMCLTD/kenBranch/vendor/laravel/framework/src/Illuminate/Routing/Router.php(776): Illuminate\\Routing\\Router->runRouteWithinStack()
#34 /mnt/d/Project/LaravelProjects/NewIFMCLTD/kenBranch/vendor/laravel/framework/src/Illuminate/Routing/Router.php(740): Illuminate\\Routing\\Router->runRoute()
#35 /mnt/d/Project/LaravelProjects/NewIFMCLTD/kenBranch/vendor/laravel/framework/src/Illuminate/Routing/Router.php(729): Illuminate\\Routing\\Router->dispatchToRoute()
#36 /mnt/d/Project/LaravelProjects/NewIFMCLTD/kenBranch/vendor/laravel/framework/src/Illuminate/Foundation/Http/Kernel.php(190): Illuminate\\Routing\\Router->dispatch()
#37 /mnt/d/Project/LaravelProjects/NewIFMCLTD/kenBranch/vendor/laravel/framework/src/Illuminate/Pipeline/Pipeline.php(141): Illuminate\\Foundation\\Http\\Kernel->Illuminate\\Foundation\\Http\\{closure}()
#38 /mnt/d/Project/LaravelProjects/NewIFMCLTD/kenBranch/vendor/laravel/framework/src/Illuminate/Foundation/Http/Middleware/TransformsRequest.php(21): Illuminate\\Pipeline\\Pipeline->Illuminate\\Pipeline\\{closure}()
#39 /mnt/d/Project/LaravelProjects/NewIFMCLTD/kenBranch/vendor/laravel/framework/src/Illuminate/Foundation/Http/Middleware/ConvertEmptyStringsToNull.php(31): Illuminate\\Foundation\\Http\\Middleware\\TransformsRequest->handle()
#40 /mnt/d/Project/LaravelProjects/NewIFMCLTD/kenBranch/vendor/laravel/framework/src/Illuminate/Pipeline/Pipeline.php(180): Illuminate\\Foundation\\Http\\Middleware\\ConvertEmptyStringsToNull->handle()
#41 /mnt/d/Project/LaravelProjects/NewIFMCLTD/kenBranch/vendor/laravel/framework/src/Illuminate/Foundation/Http/Middleware/TransformsRequest.php(21): Illuminate\\Pipeline\\Pipeline->Illuminate\\Pipeline\\{closure}()
#42 /mnt/d/Project/LaravelProjects/NewIFMCLTD/kenBranch/vendor/laravel/framework/src/Illuminate/Foundation/Http/Middleware/TrimStrings.php(40): Illuminate\\Foundation\\Http\\Middleware\\TransformsRequest->handle()
#43 /mnt/d/Project/LaravelProjects/NewIFMCLTD/kenBranch/vendor/laravel/framework/src/Illuminate/Pipeline/Pipeline.php(180): Illuminate\\Foundation\\Http\\Middleware\\TrimStrings->handle()
#44 /mnt/d/Project/LaravelProjects/NewIFMCLTD/kenBranch/vendor/laravel/framework/src/Illuminate/Foundation/Http/Middleware/ValidatePostSize.php(27): Illuminate\\Pipeline\\Pipeline->Illuminate\\Pipeline\\{closure}()
#45 /mnt/d/Project/LaravelProjects/NewIFMCLTD/kenBranch/vendor/laravel/framework/src/Illuminate/Pipeline/Pipeline.php(180): Illuminate\\Foundation\\Http\\Middleware\\ValidatePostSize->handle()
#46 /mnt/d/Project/LaravelProjects/NewIFMCLTD/kenBranch/vendor/laravel/framework/src/Illuminate/Foundation/Http/Middleware/PreventRequestsDuringMaintenance.php(86): Illuminate\\Pipeline\\Pipeline->Illuminate\\Pipeline\\{closure}()
#47 /mnt/d/Project/LaravelProjects/NewIFMCLTD/kenBranch/vendor/laravel/framework/src/Illuminate/Pipeline/Pipeline.php(180): Illuminate\\Foundation\\Http\\Middleware\\PreventRequestsDuringMaintenance->handle()
#48 /mnt/d/Project/LaravelProjects/NewIFMCLTD/kenBranch/vendor/laravel/framework/src/Illuminate/Http/Middleware/HandleCors.php(49): Illuminate\\Pipeline\\Pipeline->Illuminate\\Pipeline\\{closure}()
#49 /mnt/d/Project/LaravelProjects/NewIFMCLTD/kenBranch/vendor/laravel/framework/src/Illuminate/Pipeline/Pipeline.php(180): Illuminate\\Http\\Middleware\\HandleCors->handle()
#50 /mnt/d/Project/LaravelProjects/NewIFMCLTD/kenBranch/vendor/laravel/framework/src/Illuminate/Http/Middleware/TrustProxies.php(39): Illuminate\\Pipeline\\Pipeline->Illuminate\\Pipeline\\{closure}()
#51 /mnt/d/Project/LaravelProjects/NewIFMCLTD/kenBranch/vendor/laravel/framework/src/Illuminate/Pipeline/Pipeline.php(180): Illuminate\\Http\\Middleware\\TrustProxies->handle()
#52 /mnt/d/Project/LaravelProjects/NewIFMCLTD/kenBranch/vendor/laravel/framework/src/Illuminate/Pipeline/Pipeline.php(116): Illuminate\\Pipeline\\Pipeline->Illuminate\\Pipeline\\{closure}()
#53 /mnt/d/Project/LaravelProjects/NewIFMCLTD/kenBranch/vendor/laravel/framework/src/Illuminate/Foundation/Http/Kernel.php(165): Illuminate\\Pipeline\\Pipeline->then()
#54 /mnt/d/Project/LaravelProjects/NewIFMCLTD/kenBranch/vendor/laravel/framework/src/Illuminate/Foundation/Http/Kernel.php(134): Illuminate\\Foundation\\Http\\Kernel->sendRequestThroughRouter()
#55 /mnt/d/Project/LaravelProjects/NewIFMCLTD/kenBranch/public/index.php(52): Illuminate\\Foundation\\Http\\Kernel->handle()
#56 /mnt/d/Project/LaravelProjects/NewIFMCLTD/kenBranch/vendor/laravel/framework/src/Illuminate/Foundation/resources/server.php(16): require_once('...')
#57 {main}

[previous exception] [object] (PDOException(code: 2002): SQLSTATE[HY000] [2002] No such file or directory at /mnt/d/Project/LaravelProjects/NewIFMCLTD/kenBranch/vendor/laravel/framework/src/Illuminate/Database/Connectors/Connector.php:70)
[stacktrace]
#0 /mnt/d/Project/LaravelProjects/NewIFMCLTD/kenBranch/vendor/laravel/framework/src/Illuminate/Database/Connectors/Connector.php(70): PDO->__construct()
#1 /mnt/d/Project/LaravelProjects/NewIFMCLTD/kenBranch/vendor/laravel/framework/src/Illuminate/Database/Connectors/Connector.php(100): Illuminate\\Database\\Connectors\\Connector->createPdoConnection()
#2 /mnt/d/Project/LaravelProjects/NewIFMCLTD/kenBranch/vendor/laravel/framework/src/Illuminate/Database/Connectors/Connector.php(50): Illuminate\\Database\\Connectors\\Connector->tryAgainIfCausedByLostConnection()
#3 /mnt/d/Project/LaravelProjects/NewIFMCLTD/kenBranch/vendor/laravel/framework/src/Illuminate/Database/Connectors/MySqlConnector.php(24): Illuminate\\Database\\Connectors\\Connector->createConnection()
#4 /mnt/d/Project/LaravelProjects/NewIFMCLTD/kenBranch/vendor/laravel/framework/src/Illuminate/Database/Connectors/ConnectionFactory.php(184): Illuminate\\Database\\Connectors\\MySqlConnector->connect()
#5 [internal function]: Illuminate\\Database\\Connectors\\ConnectionFactory->Illuminate\\Database\\Connectors\\{closure}()
#6 /mnt/d/Project/LaravelProjects/NewIFMCLTD/kenBranch/vendor/laravel/framework/src/Illuminate/Database/Connection.php(1181): call_user_func()
#7 /mnt/d/Project/LaravelProjects/NewIFMCLTD/kenBranch/vendor/laravel/framework/src/Illuminate/Database/Connection.php(1217): Illuminate\\Database\\Connection->getPdo()
#8 /mnt/d/Project/LaravelProjects/NewIFMCLTD/kenBranch/vendor/laravel/framework/src/Illuminate/Database/Connection.php(486): Illuminate\\Database\\Connection->getReadPdo()
#9 /mnt/d/Project/LaravelProjects/NewIFMCLTD/kenBranch/vendor/laravel/framework/src/Illuminate/Database/Connection.php(414): Illuminate\\Database\\Connection->getPdoForSelect()
#10 /mnt/d/Project/LaravelProjects/NewIFMCLTD/kenBranch/vendor/laravel/framework/src/Illuminate/Database/Connection.php(753): Illuminate\\Database\\Connection->Illuminate\\Database\\{closure}()
#11 /mnt/d/Project/LaravelProjects/NewIFMCLTD/kenBranch/vendor/laravel/framework/src/Illuminate/Database/Connection.php(899): Illuminate\\Database\\Connection->runQueryCallback()
#12 /mnt/d/Project/LaravelProjects/NewIFMCLTD/kenBranch/vendor/laravel/framework/src/Illuminate/Database/Connection.php(879): Illuminate\\Database\\Connection->tryAgainIfCausedByLostConnection()
#13 /mnt/d/Project/LaravelProjects/NewIFMCLTD/kenBranch/vendor/laravel/framework/src/Illuminate/Database/Connection.php(723): Illuminate\\Database\\Connection->handleQueryException()
#14 /mnt/d/Project/LaravelProjects/NewIFMCLTD/kenBranch/vendor/laravel/framework/src/Illuminate/Database/Connection.php(422): Illuminate\\Database\\Connection->run()
#15 /mnt/d/Project/LaravelProjects/NewIFMCLTD/kenBranch/vendor/laravel/framework/src/Illuminate/Database/Query/Builder.php(2706): Illuminate\\Database\\Connection->select()
#16 /mnt/d/Project/LaravelProjects/NewIFMCLTD/kenBranch/vendor/laravel/framework/src/Illuminate/Database/Query/Builder.php(2694): Illuminate\\Database\\Query\\Builder->runSelect()
#17 /mnt/d/Project/LaravelProjects/NewIFMCLTD/kenBranch/vendor/laravel/framework/src/Illuminate/Database/Query/Builder.php(3230): Illuminate\\Database\\Query\\Builder->Illuminate\\Database\\Query\\{closure}()
#18 /mnt/d/Project/LaravelProjects/NewIFMCLTD/kenBranch/vendor/laravel/framework/src/Illuminate/Database/Query/Builder.php(2695): Illuminate\\Database\\Query\\Builder->onceWithColumns()
#19 /mnt/d/Project/LaravelProjects/NewIFMCLTD/kenBranch/vendor/laravel/framework/src/Illuminate/Database/Eloquent/Builder.php(710): Illuminate\\Database\\Query\\Builder->get()
#20 /mnt/d/Project/LaravelProjects/NewIFMCLTD/kenBranch/vendor/laravel/framework/src/Illuminate/Database/Eloquent/Builder.php(694): Illuminate\\Database\\Eloquent\\Builder->getModels()
#21 /mnt/d/Project/LaravelProjects/NewIFMCLTD/kenBranch/vendor/laravel/framework/src/Illuminate/Database/Concerns/BuildsQueries.php(296): Illuminate\\Database\\Eloquent\\Builder->get()
#22 /mnt/d/Project/LaravelProjects/NewIFMCLTD/kenBranch/app/Http/Controllers/SiteController.php(43): Illuminate\\Database\\Eloquent\\Builder->first()
#23 /mnt/d/Project/LaravelProjects/NewIFMCLTD/kenBranch/vendor/laravel/framework/src/Illuminate/Routing/Controller.php(54): App\\Http\\Controllers\\SiteController->welcome()
#24 /mnt/d/Project/LaravelProjects/NewIFMCLTD/kenBranch/vendor/laravel/framework/src/Illuminate/Routing/ControllerDispatcher.php(43): Illuminate\\Routing\\Controller->callAction()
#25 /mnt/d/Project/LaravelProjects/NewIFMCLTD/kenBranch/vendor/laravel/framework/src/Illuminate/Routing/Route.php(260): Illuminate\\Routing\\ControllerDispatcher->dispatch()
#26 /mnt/d/Project/LaravelProjects/NewIFMCLTD/kenBranch/vendor/laravel/framework/src/Illuminate/Routing/Route.php(205): Illuminate\\Routing\\Route->runController()
#27 /mnt/d/Project/LaravelProjects/NewIFMCLTD/kenBranch/vendor/laravel/framework/src/Illuminate/Routing/Router.php(798): Illuminate\\Routing\\Route->run()
#28 /mnt/d/Project/LaravelProjects/NewIFMCLTD/kenBranch/vendor/laravel/framework/src/Illuminate/Pipeline/Pipeline.php(141): Illuminate\\Routing\\Router->Illuminate\\Routing\\{closure}()
#29 /mnt/d/Project/LaravelProjects/NewIFMCLTD/kenBranch/vendor/laravel/framework/src/Illuminate/Routing/Middleware/SubstituteBindings.php(50): Illuminate\\Pipeline\\Pipeline->Illuminate\\Pipeline\\{closure}()
#30 /mnt/d/Project/LaravelProjects/NewIFMCLTD/kenBranch/vendor/laravel/framework/src/Illuminate/Pipeline/Pipeline.php(180): Illuminate\\Routing\\Middleware\\SubstituteBindings->handle()
#31 /mnt/d/Project/LaravelProjects/NewIFMCLTD/kenBranch/vendor/laravel/framework/src/Illuminate/Foundation/Http/Middleware/VerifyCsrfToken.php(78): Illuminate\\Pipeline\\Pipeline->Illuminate\\Pipeline\\{closure}()
#32 /mnt/d/Project/LaravelProjects/NewIFMCLTD/kenBranch/vendor/laravel/framework/src/Illuminate/Pipeline/Pipeline.php(180): Illuminate\\Foundation\\Http\\Middleware\\VerifyCsrfToken->handle()
#33 /mnt/d/Project/LaravelProjects/NewIFMCLTD/kenBranch/vendor/laravel/framework/src/Illuminate/View/Middleware/ShareErrorsFromSession.php(49): Illuminate\\Pipeline\\Pipeline->Illuminate\\Pipeline\\{closure}()
#34 /mnt/d/Project/LaravelProjects/NewIFMCLTD/kenBranch/vendor/laravel/framework/src/Illuminate/Pipeline/Pipeline.php(180): Illuminate\\View\\Middleware\\ShareErrorsFromSession->handle()
#35 /mnt/d/Project/LaravelProjects/NewIFMCLTD/kenBranch/vendor/laravel/framework/src/Illuminate/Session/Middleware/StartSession.php(121): Illuminate\\Pipeline\\Pipeline->Illuminate\\Pipeline\\{closure}()
#36 /mnt/d/Project/LaravelProjects/NewIFMCLTD/kenBranch/vendor/laravel/framework/src/Illuminate/Session/Middleware/StartSession.php(64): Illuminate\\Session\\Middleware\\StartSession->handleStatefulRequest()
#37 /mnt/d/Project/LaravelProjects/NewIFMCLTD/kenBranch/vendor/laravel/framework/src/Illuminate/Pipeline/Pipeline.php(180): Illuminate\\Session\\Middleware\\StartSession->handle()
#38 /mnt/d/Project/LaravelProjects/NewIFMCLTD/kenBranch/vendor/laravel/framework/src/Illuminate/Cookie/Middleware/AddQueuedCookiesToResponse.php(37): Illuminate\\Pipeline\\Pipeline->Illuminate\\Pipeline\\{closure}()
#39 /mnt/d/Project/LaravelProjects/NewIFMCLTD/kenBranch/vendor/laravel/framework/src/Illuminate/Pipeline/Pipeline.php(180): Illuminate\\Cookie\\Middleware\\AddQueuedCookiesToResponse->handle()
#40 /mnt/d/Project/LaravelProjects/NewIFMCLTD/kenBranch/vendor/laravel/framework/src/Illuminate/Cookie/Middleware/EncryptCookies.php(67): Illuminate\\Pipeline\\Pipeline->Illuminate\\Pipeline\\{closure}()
#41 /mnt/d/Project/LaravelProjects/NewIFMCLTD/kenBranch/vendor/laravel/framework/src/Illuminate/Pipeline/Pipeline.php(180): Illuminate\\Cookie\\Middleware\\EncryptCookies->handle()
#42 /mnt/d/Project/LaravelProjects/NewIFMCLTD/kenBranch/vendor/laravel/framework/src/Illuminate/Pipeline/Pipeline.php(116): Illuminate\\Pipeline\\Pipeline->Illuminate\\Pipeline\\{closure}()
#43 /mnt/d/Project/LaravelProjects/NewIFMCLTD/kenBranch/vendor/laravel/framework/src/Illuminate/Routing/Router.php(799): Illuminate\\Pipeline\\Pipeline->then()
#44 /mnt/d/Project/LaravelProjects/NewIFMCLTD/kenBranch/vendor/laravel/framework/src/Illuminate/Routing/Router.php(776): Illuminate\\Routing\\Router->runRouteWithinStack()
#45 /mnt/d/Project/LaravelProjects/NewIFMCLTD/kenBranch/vendor/laravel/framework/src/Illuminate/Routing/Router.php(740): Illuminate\\Routing\\Router->runRoute()
#46 /mnt/d/Project/LaravelProjects/NewIFMCLTD/kenBranch/vendor/laravel/framework/src/Illuminate/Routing/Router.php(729): Illuminate\\Routing\\Router->dispatchToRoute()
#47 /mnt/d/Project/LaravelProjects/NewIFMCLTD/kenBranch/vendor/laravel/framework/src/Illuminate/Foundation/Http/Kernel.php(190): Illuminate\\Routing\\Router->dispatch()
#48 /mnt/d/Project/LaravelProjects/NewIFMCLTD/kenBranch/vendor/laravel/framework/src/Illuminate/Pipeline/Pipeline.php(141): Illuminate\\Foundation\\Http\\Kernel->Illuminate\\Foundation\\Http\\{closure}()
#49 /mnt/d/Project/LaravelProjects/NewIFMCLTD/kenBranch/vendor/laravel/framework/src/Illuminate/Foundation/Http/Middleware/TransformsRequest.php(21): Illuminate\\Pipeline\\Pipeline->Illuminate\\Pipeline\\{closure}()
#50 /mnt/d/Project/LaravelProjects/NewIFMCLTD/kenBranch/vendor/laravel/framework/src/Illuminate/Foundation/Http/Middleware/ConvertEmptyStringsToNull.php(31): Illuminate\\Foundation\\Http\\Middleware\\TransformsRequest->handle()
#51 /mnt/d/Project/LaravelProjects/NewIFMCLTD/kenBranch/vendor/laravel/framework/src/Illuminate/Pipeline/Pipeline.php(180): Illuminate\\Foundation\\Http\\Middleware\\ConvertEmptyStringsToNull->handle()
#52 /mnt/d/Project/LaravelProjects/NewIFMCLTD/kenBranch/vendor/laravel/framework/src/Illuminate/Foundation/Http/Middleware/TransformsRequest.php(21): Illuminate\\Pipeline\\Pipeline->Illuminate\\Pipeline\\{closure}()
#53 /mnt/d/Project/LaravelProjects/NewIFMCLTD/kenBranch/vendor/laravel/framework/src/Illuminate/Foundation/Http/Middleware/TrimStrings.php(40): Illuminate\\Foundation\\Http\\Middleware\\TransformsRequest->handle()
#54 /mnt/d/Project/LaravelProjects/NewIFMCLTD/kenBranch/vendor/laravel/framework/src/Illuminate/Pipeline/Pipeline.php(180): Illuminate\\Foundation\\Http\\Middleware\\TrimStrings->handle()
#55 /mnt/d/Project/LaravelProjects/NewIFMCLTD/kenBranch/vendor/laravel/framework/src/Illuminate/Foundation/Http/Middleware/ValidatePostSize.php(27): Illuminate\\Pipeline\\Pipeline->Illuminate\\Pipeline\\{closure}()
#56 /mnt/d/Project/LaravelProjects/NewIFMCLTD/kenBranch/vendor/laravel/framework/src/Illuminate/Pipeline/Pipeline.php(180): Illuminate\\Foundation\\Http\\Middleware\\ValidatePostSize->handle()
#57 /mnt/d/Project/LaravelProjects/NewIFMCLTD/kenBranch/vendor/laravel/framework/src/Illuminate/Foundation/Http/Middleware/PreventRequestsDuringMaintenance.php(86): Illuminate\\Pipeline\\Pipeline->Illuminate\\Pipeline\\{closure}()
#58 /mnt/d/Project/LaravelProjects/NewIFMCLTD/kenBranch/vendor/laravel/framework/src/Illuminate/Pipeline/Pipeline.php(180): Illuminate\\Foundation\\Http\\Middleware\\PreventRequestsDuringMaintenance->handle()
#59 /mnt/d/Project/LaravelProjects/NewIFMCLTD/kenBranch/vendor/laravel/framework/src/Illuminate/Http/Middleware/HandleCors.php(49): Illuminate\\Pipeline\\Pipeline->Illuminate\\Pipeline\\{closure}()
#60 /mnt/d/Project/LaravelProjects/NewIFMCLTD/kenBranch/vendor/laravel/framework/src/Illuminate/Pipeline/Pipeline.php(180): Illuminate\\Http\\Middleware\\HandleCors->handle()
#61 /mnt/d/Project/LaravelProjects/NewIFMCLTD/kenBranch/vendor/laravel/framework/src/Illuminate/Http/Middleware/TrustProxies.php(39): Illuminate\\Pipeline\\Pipeline->Illuminate\\Pipeline\\{closure}()
#62 /mnt/d/Project/LaravelProjects/NewIFMCLTD/kenBranch/vendor/laravel/framework/src/Illuminate/Pipeline/Pipeline.php(180): Illuminate\\Http\\Middleware\\TrustProxies->handle()
#63 /mnt/d/Project/LaravelProjects/NewIFMCLTD/kenBranch/vendor/laravel/framework/src/Illuminate/Pipeline/Pipeline.php(116): Illuminate\\Pipeline\\Pipeline->Illuminate\\Pipeline\\{closure}()
#64 /mnt/d/Project/LaravelProjects/NewIFMCLTD/kenBranch/vendor/laravel/framework/src/Illuminate/Foundation/Http/Kernel.php(165): Illuminate\\Pipeline\\Pipeline->then()
#65 /mnt/d/Project/LaravelProjects/NewIFMCLTD/kenBranch/vendor/laravel/framework/src/Illuminate/Foundation/Http/Kernel.php(134): Illuminate\\Foundation\\Http\\Kernel->sendRequestThroughRouter()
#66 /mnt/d/Project/LaravelProjects/NewIFMCLTD/kenBranch/public/index.php(52): Illuminate\\Foundation\\Http\\Kernel->handle()
#67 /mnt/d/Project/LaravelProjects/NewIFMCLTD/kenBranch/vendor/laravel/framework/src/Illuminate/Foundation/resources/server.php(16): require_once('...')
#68 {main}
"} 
[2023-07-09 12:41:07] local.ERROR: file_put_contents(D:\Project\LaravelProjects\NewIFMCLTD\kenBranch\storage\framework/sessions/5DpHvfaHdpa1uWsaKTHzRdog95nWr7JDoXmYyUGY): Failed to open stream: No such file or directory {"exception":"[object] (ErrorException(code: 0): file_put_contents(D:\\Project\\LaravelProjects\\NewIFMCLTD\\kenBranch\\storage\\framework/sessions/5DpHvfaHdpa1uWsaKTHzRdog95nWr7JDoXmYyUGY): Failed to open stream: No such file or directory at /mnt/d/Project/LaravelProjects/NewIFMCLTD/kenBranch/vendor/laravel/framework/src/Illuminate/Filesystem/Filesystem.php:190)
[stacktrace]
#0 /mnt/d/Project/LaravelProjects/NewIFMCLTD/kenBranch/vendor/laravel/framework/src/Illuminate/Foundation/Bootstrap/HandleExceptions.php(270): Illuminate\\Foundation\\Bootstrap\\HandleExceptions->handleError()
#1 [internal function]: Illuminate\\Foundation\\Bootstrap\\HandleExceptions->Illuminate\\Foundation\\Bootstrap\\{closure}()
#2 /mnt/d/Project/LaravelProjects/NewIFMCLTD/kenBranch/vendor/laravel/framework/src/Illuminate/Filesystem/Filesystem.php(190): file_put_contents()
#3 /mnt/d/Project/LaravelProjects/NewIFMCLTD/kenBranch/vendor/laravel/framework/src/Illuminate/Session/FileSessionHandler.php(90): Illuminate\\Filesystem\\Filesystem->put()
#4 /mnt/d/Project/LaravelProjects/NewIFMCLTD/kenBranch/vendor/laravel/framework/src/Illuminate/Session/Store.php(173): Illuminate\\Session\\FileSessionHandler->write()
#5 /mnt/d/Project/LaravelProjects/NewIFMCLTD/kenBranch/vendor/laravel/framework/src/Illuminate/Session/Middleware/StartSession.php(238): Illuminate\\Session\\Store->save()
#6 /mnt/d/Project/LaravelProjects/NewIFMCLTD/kenBranch/vendor/laravel/framework/src/Illuminate/Session/Middleware/StartSession.php(130): Illuminate\\Session\\Middleware\\StartSession->saveSession()
#7 /mnt/d/Project/LaravelProjects/NewIFMCLTD/kenBranch/vendor/laravel/framework/src/Illuminate/Session/Middleware/StartSession.php(64): Illuminate\\Session\\Middleware\\StartSession->handleStatefulRequest()
#8 /mnt/d/Project/LaravelProjects/NewIFMCLTD/kenBranch/vendor/laravel/framework/src/Illuminate/Pipeline/Pipeline.php(180): Illuminate\\Session\\Middleware\\StartSession->handle()
#9 /mnt/d/Project/LaravelProjects/NewIFMCLTD/kenBranch/vendor/laravel/framework/src/Illuminate/Cookie/Middleware/AddQueuedCookiesToResponse.php(37): Illuminate\\Pipeline\\Pipeline->Illuminate\\Pipeline\\{closure}()
#10 /mnt/d/Project/LaravelProjects/NewIFMCLTD/kenBranch/vendor/laravel/framework/src/Illuminate/Pipeline/Pipeline.php(180): Illuminate\\Cookie\\Middleware\\AddQueuedCookiesToResponse->handle()
#11 /mnt/d/Project/LaravelProjects/NewIFMCLTD/kenBranch/vendor/laravel/framework/src/Illuminate/Cookie/Middleware/EncryptCookies.php(67): Illuminate\\Pipeline\\Pipeline->Illuminate\\Pipeline\\{closure}()
#12 /mnt/d/Project/LaravelProjects/NewIFMCLTD/kenBranch/vendor/laravel/framework/src/Illuminate/Pipeline/Pipeline.php(180): Illuminate\\Cookie\\Middleware\\EncryptCookies->handle()
#13 /mnt/d/Project/LaravelProjects/NewIFMCLTD/kenBranch/vendor/laravel/framework/src/Illuminate/Pipeline/Pipeline.php(116): Illuminate\\Pipeline\\Pipeline->Illuminate\\Pipeline\\{closure}()
#14 /mnt/d/Project/LaravelProjects/NewIFMCLTD/kenBranch/vendor/laravel/framework/src/Illuminate/Routing/Router.php(799): Illuminate\\Pipeline\\Pipeline->then()
#15 /mnt/d/Project/LaravelProjects/NewIFMCLTD/kenBranch/vendor/laravel/framework/src/Illuminate/Routing/Router.php(776): Illuminate\\Routing\\Router->runRouteWithinStack()
#16 /mnt/d/Project/LaravelProjects/NewIFMCLTD/kenBranch/vendor/laravel/framework/src/Illuminate/Routing/Router.php(740): Illuminate\\Routing\\Router->runRoute()
#17 /mnt/d/Project/LaravelProjects/NewIFMCLTD/kenBranch/vendor/laravel/framework/src/Illuminate/Routing/Router.php(729): Illuminate\\Routing\\Router->dispatchToRoute()
#18 /mnt/d/Project/LaravelProjects/NewIFMCLTD/kenBranch/vendor/laravel/framework/src/Illuminate/Foundation/Http/Kernel.php(190): Illuminate\\Routing\\Router->dispatch()
#19 /mnt/d/Project/LaravelProjects/NewIFMCLTD/kenBranch/vendor/laravel/framework/src/Illuminate/Pipeline/Pipeline.php(141): Illuminate\\Foundation\\Http\\Kernel->Illuminate\\Foundation\\Http\\{closure}()
#20 /mnt/d/Project/LaravelProjects/NewIFMCLTD/kenBranch/vendor/laravel/framework/src/Illuminate/Foundation/Http/Middleware/TransformsRequest.php(21): Illuminate\\Pipeline\\Pipeline->Illuminate\\Pipeline\\{closure}()
#21 /mnt/d/Project/LaravelProjects/NewIFMCLTD/kenBranch/vendor/laravel/framework/src/Illuminate/Foundation/Http/Middleware/ConvertEmptyStringsToNull.php(31): Illuminate\\Foundation\\Http\\Middleware\\TransformsRequest->handle()
#22 /mnt/d/Project/LaravelProjects/NewIFMCLTD/kenBranch/vendor/laravel/framework/src/Illuminate/Pipeline/Pipeline.php(180): Illuminate\\Foundation\\Http\\Middleware\\ConvertEmptyStringsToNull->handle()
#23 /mnt/d/Project/LaravelProjects/NewIFMCLTD/kenBranch/vendor/laravel/framework/src/Illuminate/Foundation/Http/Middleware/TransformsRequest.php(21): Illuminate\\Pipeline\\Pipeline->Illuminate\\Pipeline\\{closure}()
#24 /mnt/d/Project/LaravelProjects/NewIFMCLTD/kenBranch/vendor/laravel/framework/src/Illuminate/Foundation/Http/Middleware/TrimStrings.php(40): Illuminate\\Foundation\\Http\\Middleware\\TransformsRequest->handle()
#25 /mnt/d/Project/LaravelProjects/NewIFMCLTD/kenBranch/vendor/laravel/framework/src/Illuminate/Pipeline/Pipeline.php(180): Illuminate\\Foundation\\Http\\Middleware\\TrimStrings->handle()
#26 /mnt/d/Project/LaravelProjects/NewIFMCLTD/kenBranch/vendor/laravel/framework/src/Illuminate/Foundation/Http/Middleware/ValidatePostSize.php(27): Illuminate\\Pipeline\\Pipeline->Illuminate\\Pipeline\\{closure}()
#27 /mnt/d/Project/LaravelProjects/NewIFMCLTD/kenBranch/vendor/laravel/framework/src/Illuminate/Pipeline/Pipeline.php(180): Illuminate\\Foundation\\Http\\Middleware\\ValidatePostSize->handle()
#28 /mnt/d/Project/LaravelProjects/NewIFMCLTD/kenBranch/vendor/laravel/framework/src/Illuminate/Foundation/Http/Middleware/PreventRequestsDuringMaintenance.php(86): Illuminate\\Pipeline\\Pipeline->Illuminate\\Pipeline\\{closure}()
#29 /mnt/d/Project/LaravelProjects/NewIFMCLTD/kenBranch/vendor/laravel/framework/src/Illuminate/Pipeline/Pipeline.php(180): Illuminate\\Foundation\\Http\\Middleware\\PreventRequestsDuringMaintenance->handle()
#30 /mnt/d/Project/LaravelProjects/NewIFMCLTD/kenBranch/vendor/laravel/framework/src/Illuminate/Http/Middleware/HandleCors.php(49): Illuminate\\Pipeline\\Pipeline->Illuminate\\Pipeline\\{closure}()
#31 /mnt/d/Project/LaravelProjects/NewIFMCLTD/kenBranch/vendor/laravel/framework/src/Illuminate/Pipeline/Pipeline.php(180): Illuminate\\Http\\Middleware\\HandleCors->handle()
#32 /mnt/d/Project/LaravelProjects/NewIFMCLTD/kenBranch/vendor/laravel/framework/src/Illuminate/Http/Middleware/TrustProxies.php(39): Illuminate\\Pipeline\\Pipeline->Illuminate\\Pipeline\\{closure}()
#33 /mnt/d/Project/LaravelProjects/NewIFMCLTD/kenBranch/vendor/laravel/framework/src/Illuminate/Pipeline/Pipeline.php(180): Illuminate\\Http\\Middleware\\TrustProxies->handle()
#34 /mnt/d/Project/LaravelProjects/NewIFMCLTD/kenBranch/vendor/laravel/framework/src/Illuminate/Pipeline/Pipeline.php(116): Illuminate\\Pipeline\\Pipeline->Illuminate\\Pipeline\\{closure}()
#35 /mnt/d/Project/LaravelProjects/NewIFMCLTD/kenBranch/vendor/laravel/framework/src/Illuminate/Foundation/Http/Kernel.php(165): Illuminate\\Pipeline\\Pipeline->then()
#36 /mnt/d/Project/LaravelProjects/NewIFMCLTD/kenBranch/vendor/laravel/framework/src/Illuminate/Foundation/Http/Kernel.php(134): Illuminate\\Foundation\\Http\\Kernel->sendRequestThroughRouter()
#37 /mnt/d/Project/LaravelProjects/NewIFMCLTD/kenBranch/public/index.php(52): Illuminate\\Foundation\\Http\\Kernel->handle()
#38 /mnt/d/Project/LaravelProjects/NewIFMCLTD/kenBranch/vendor/laravel/framework/src/Illuminate/Foundation/resources/server.php(16): require_once('...')
#39 {main}
"} 
